<?xml version="1.0" encoding="UTF-8"?>
<!-- Generated by org.testng.reporters.JUnitXMLReporter -->
<testsuite hostname="WKWIN9326287" ignored="0" name="Test" tests="1" failures="1" timestamp="11 Aug 2019 04:35:19 GMT" time="4.941" errors="0">
  <testcase name="search" time="4.857" classname="com.test.GoogleTest">
    <failure type="java.lang.AssertionError" message="The following asserts failed:
	Both Values DOnot Match expected [TesT] but found [Test],
	Both values are same so its a fail,
	Expected both as true but its not expected [false] but found [true],
	Both are not same expected [2] but found [1],
	Result not as expected expected [true] but found [false],
	Object is NULL expected [null] but found [Some String]">
      <![CDATA[java.lang.AssertionError: The following asserts failed:
Both Values DOnot Match expected [TesT] but found [Test],
Both values are same so its a fail,
Expected both as true but its not expected [false] but found [true],
Both are not same expected [2] but found [1],
Result not as expected expected [true] but found [false],
Object is NULL expected [null] but found [Some String]
at com.test.GoogleTest.search(GoogleTest.java:32)
... Removed 26 stack frames]]>
    </failure>
  </testcase> <!-- search -->
</testsuite> <!-- Test -->
