<?xml version="1.0" encoding="UTF-8"?>
<testng-results skipped="0" failed="0" ignored="0" total="1" passed="1">
  <reporter-output>
  </reporter-output>
  <suite name="Suite" duration-ms="32691" started-at="2019-08-14T13:06:34Z" finished-at="2019-08-14T13:07:06Z">
    <groups>
    </groups>
    <test name="Test" duration-ms="32691" started-at="2019-08-14T13:06:34Z" finished-at="2019-08-14T13:07:06Z">
      <class name="com.test.GoogleTest2">
        <test-method status="PASS" signature="search()[pri:0, instance:com.test.GoogleTest2@ee68d8]" name="search" duration-ms="32660" started-at="2019-08-14T13:06:34Z" finished-at="2019-08-14T13:07:06Z">
          <reporter-output>
          </reporter-output>
        </test-method> <!-- search -->
      </class> <!-- com.test.GoogleTest2 -->
    </test> <!-- Test -->
  </suite> <!-- Suite -->
</testng-results>
