<?xml version="1.0" encoding="UTF-8"?>
<testng-results skipped="0" failed="0" ignored="0" total="1" passed="1">
  <reporter-output>
  </reporter-output>
  <suite name="Default suite" duration-ms="15357" started-at="2019-08-11T05:14:39Z" finished-at="2019-08-11T05:14:54Z">
    <groups>
    </groups>
    <test name="Default test" duration-ms="15357" started-at="2019-08-11T05:14:39Z" finished-at="2019-08-11T05:14:54Z">
      <class name="com.test.GoogleTest2">
        <test-method status="PASS" signature="search()[pri:0, instance:com.test.GoogleTest2@15b007d]" name="search" duration-ms="15322" started-at="2019-08-11T05:14:39Z" finished-at="2019-08-11T05:14:54Z">
          <reporter-output>
          </reporter-output>
        </test-method> <!-- search -->
      </class> <!-- com.test.GoogleTest2 -->
    </test> <!-- Default test -->
  </suite> <!-- Default suite -->
</testng-results>
